<?xml version="1.0" encoding="UTF-8"?>
<testng-results skipped="0" failed="0" total="2" passed="2">
  <reporter-output>
  </reporter-output>
  <suite name="Default suite" duration-ms="9222" started-at="2015-07-03T14:23:26Z" finished-at="2015-07-03T14:23:35Z">
    <groups>
    </groups>
    <test name="Default test" duration-ms="9222" started-at="2015-07-03T14:23:26Z" finished-at="2015-07-03T14:23:35Z">
      <class name="com.example.tests.GroupCreationTests">
        <test-method status="PASS" signature="setUp()[pri:0, instance:com.example.tests.GroupCreationTests@1ef7fe8e]" name="setUp" is-config="true" duration-ms="5603" started-at="2015-07-03T17:23:26Z" finished-at="2015-07-03T17:23:31Z">
          <reporter-output>
          </reporter-output>
        </test-method> <!-- setUp -->
        <test-method status="PASS" signature="testEmptyGroupCreation()[pri:0, instance:com.example.tests.GroupCreationTests@1ef7fe8e]" name="testEmptyGroupCreation" duration-ms="1117" started-at="2015-07-03T17:23:31Z" finished-at="2015-07-03T17:23:32Z">
          <reporter-output>
          </reporter-output>
        </test-method> <!-- testEmptyGroupCreation -->
        <test-method status="PASS" signature="testNonEmptyGroupCreation()[pri:0, instance:com.example.tests.GroupCreationTests@1ef7fe8e]" name="testNonEmptyGroupCreation" duration-ms="1913" started-at="2015-07-03T17:23:32Z" finished-at="2015-07-03T17:23:34Z">
          <reporter-output>
          </reporter-output>
        </test-method> <!-- testNonEmptyGroupCreation -->
        <test-method status="PASS" signature="tearDown()[pri:0, instance:com.example.tests.GroupCreationTests@1ef7fe8e]" name="tearDown" is-config="true" duration-ms="581" started-at="2015-07-03T17:23:34Z" finished-at="2015-07-03T17:23:35Z">
          <reporter-output>
          </reporter-output>
        </test-method> <!-- tearDown -->
      </class> <!-- com.example.tests.GroupCreationTests -->
    </test> <!-- Default test -->
  </suite> <!-- Default suite -->
</testng-results>
