<?xml version="1.0" encoding="UTF-8"?>
<!-- Generated by org.testng.reporters.JUnitXMLReporter -->
<testsuite hostname="jyurova-spb" name="Default test" tests="4" failures="0" timestamp="3 Jul 2015 14:55:20 GMT" time="11.917" errors="0">
  <testcase name="testEmptyGroupCreation" time="1.22" classname="com.example.tests.GroupCreationTests"/>
  <testcase name="testNonEmptyGroupCreation" time="2.012" classname="com.example.tests.GroupCreationTests"/>
  <testcase name="testEmptyGroupCreation" time="0.974" classname="com.example.tests.AlsoGroupCreationTests"/>
  <testcase name="testNonEmptyGroupCreation" time="0.997" classname="com.example.tests.AlsoGroupCreationTests"/>
</testsuite> <!-- Default test -->
